watching manual.typ
writing to manual.pdf

[10:10:01] compiling ...

watching manual.typ
writing to manual.pdf

[10:10:02] compiled with errors

error: unclosed delimiter
   ┌─ sections/11-clipping.typ:63:26
   │
63 │         import cetz.draw: *
   │                           ^

help: error occurred while importing this module
   ┌─ manual.typ:75:9
   │
75 │ #include "sections/11-clipping.typ"
   │          ^^^^^^^^^^^^^^^^^^^^^^^^^^

error: unclosed delimiter
   ┌─ sections/11-clipping.typ:72:26
   │
72 │         import cetz.draw: *
   │                           ^

help: error occurred while importing this module
   ┌─ manual.typ:75:9
   │
75 │ #include "sections/11-clipping.typ"
   │          ^^^^^^^^^^^^^^^^^^^^^^^^^^

watching manual.typ
writing to manual.pdf

[10:12:47] compiling ...

watching manual.typ
writing to manual.pdf

[10:12:47] compiled with errors

error: unclosed delimiter
   ┌─ sections/11-clipping.typ:63:26
   │
63 │         import cetz.draw: *
   │                           ^

help: error occurred while importing this module
   ┌─ manual.typ:75:9
   │
75 │ #include "sections/11-clipping.typ"
   │          ^^^^^^^^^^^^^^^^^^^^^^^^^^

error: unclosed delimiter
   ┌─ sections/11-clipping.typ:72:26
   │
72 │         import cetz.draw: *
   │                           ^

help: error occurred while importing this module
   ┌─ manual.typ:75:9
   │
75 │ #include "sections/11-clipping.typ"
   │          ^^^^^^^^^^^^^^^^^^^^^^^^^^

watching manual.typ
writing to manual.pdf

[10:16:04] compiling ...

watching manual.typ
writing to manual.pdf

[10:16:06] compiled successfully in 2.1 s

watching manual.typ
writing to manual.pdf

[10:21:12] compiling ...

watching manual.typ
writing to manual.pdf

[10:21:12] compiled with errors

error: unexpected argument: clip-canvas
   ┌─ sections/11-clipping.typ:76:2
   │
76 │   clip-canvas: (-1, -1, 4, 5),
   │   ^^^^^^^^^^^^^^^^^^^^^^^^^^^

help: error occurred while importing this module
   ┌─ manual.typ:75:9
   │
75 │ #include "sections/11-clipping.typ"
   │          ^^^^^^^^^^^^^^^^^^^^^^^^^^

watching manual.typ
writing to manual.pdf

[10:22:34] compiling ...

watching manual.typ
writing to manual.pdf

[10:22:34] compiled successfully in 475.74 ms

watching manual.typ
writing to manual.pdf

[10:22:40] compiling ...

watching manual.typ
writing to manual.pdf

[10:22:40] compiled successfully in 108.56 ms

watching manual.typ
writing to manual.pdf

[10:26:24] compiling ...

watching manual.typ
writing to manual.pdf

[10:26:25] compiled successfully in 927.71 ms

watching manual.typ
writing to manual.pdf

[10:27:17] compiling ...

watching manual.typ
writing to manual.pdf

[10:27:17] compiled successfully in 254 ms

watching manual.typ
writing to manual.pdf

[10:27:31] compiling ...

watching manual.typ
writing to manual.pdf

[10:27:32] compiled successfully in 367.08 ms

watching manual.typ
writing to manual.pdf

[10:28:03] compiling ...

watching manual.typ
writing to manual.pdf

[10:28:03] compiled successfully in 179.73 ms

watching manual.typ
writing to manual.pdf

[10:28:20] compiling ...

watching manual.typ
writing to manual.pdf

[10:28:20] compiled successfully in 187.55 ms

watching manual.typ
writing to manual.pdf

[10:28:45] compiling ...

watching manual.typ
writing to manual.pdf

[10:28:45] compiled successfully in 205.43 ms

watching manual.typ
writing to manual.pdf

[10:28:59] compiling ...

watching manual.typ
writing to manual.pdf

[10:28:59] compiled successfully in 161.11 ms

watching manual.typ
writing to manual.pdf

[10:29:22] compiling ...

watching manual.typ
writing to manual.pdf

[10:29:22] compiled successfully in 311.69 ms

watching manual.typ
writing to manual.pdf

[10:29:42] compiling ...

watching manual.typ
writing to manual.pdf

[10:29:42] compiled successfully in 199.34 ms

watching manual.typ
writing to manual.pdf

[10:30:29] compiling ...

watching manual.typ
writing to manual.pdf

[10:30:29] compiled successfully in 206.6 ms

watching manual.typ
writing to manual.pdf

[10:31:05] compiling ...

watching manual.typ
writing to manual.pdf

[10:31:05] compiled successfully in 173.26 ms

watching manual.typ
writing to manual.pdf

[10:31:26] compiling ...

watching manual.typ
writing to manual.pdf

[10:31:27] compiled successfully in 262.87 ms

watching manual.typ
writing to manual.pdf

[10:31:56] compiling ...

watching manual.typ
writing to manual.pdf

[10:31:57] compiled successfully in 211.7 ms

watching manual.typ
writing to manual.pdf

[10:32:24] compiling ...

watching manual.typ
writing to manual.pdf

[10:32:24] compiled successfully in 179.87 ms

watching manual.typ
writing to manual.pdf

[10:36:29] compiling ...

watching manual.typ
writing to manual.pdf

[10:36:29] compiled successfully in 202.37 ms

watching manual.typ
writing to manual.pdf

[11:09:08] compiling ...

watching manual.typ
writing to manual.pdf

[11:09:08] compiled with warnings in 624.79 ms

warning: no text within stars
   ┌─ sections/11-clipping.typ:58:27
   │
58 │ When `clip-canvas` is set, **only line-based elements** are clipped to the
   │                            ^^
   │
   = hint: using multiple consecutive stars (e.g. **) has no additional effect

warning: no text within stars
   ┌─ sections/11-clipping.typ:58:53
   │
58 │ When `clip-canvas` is set, **only line-based elements** are clipped to the
   │                                                      ^^
   │
   = hint: using multiple consecutive stars (e.g. **) has no additional effect

watching manual.typ
writing to manual.pdf

[11:09:46] compiling ...

watching manual.typ
writing to manual.pdf

[11:09:47] compiled with warnings in 206.32 ms

warning: no text within stars
   ┌─ sections/11-clipping.typ:58:27
   │
58 │ When `clip-canvas` is set, **only line-based elements** are clipped to the
   │                            ^^
   │
   = hint: using multiple consecutive stars (e.g. **) has no additional effect

warning: no text within stars
   ┌─ sections/11-clipping.typ:58:53
   │
58 │ When `clip-canvas` is set, **only line-based elements** are clipped to the
   │                                                      ^^
   │
   = hint: using multiple consecutive stars (e.g. **) has no additional effect

watching manual.typ
writing to manual.pdf

[11:10:42] compiling ...

watching manual.typ
writing to manual.pdf

[11:10:42] compiled with warnings in 437.76 ms

warning: no text within stars
   ┌─ sections/11-clipping.typ:58:27
   │
58 │ When `clip-canvas` is set, **only line-based elements** are clipped to the
   │                            ^^
   │
   = hint: using multiple consecutive stars (e.g. **) has no additional effect

warning: no text within stars
   ┌─ sections/11-clipping.typ:58:53
   │
58 │ When `clip-canvas` is set, **only line-based elements** are clipped to the
   │                                                      ^^
   │
   = hint: using multiple consecutive stars (e.g. **) has no additional effect

watching manual.typ
writing to manual.pdf

[11:11:48] compiling ...

watching manual.typ
writing to manual.pdf

[11:11:49] compiled with warnings in 299.16 ms

warning: no text within stars
   ┌─ sections/11-clipping.typ:58:27
   │
58 │ When `clip-canvas` is set, **only line-based elements** are clipped to the
   │                            ^^
   │
   = hint: using multiple consecutive stars (e.g. **) has no additional effect

warning: no text within stars
   ┌─ sections/11-clipping.typ:58:53
   │
58 │ When `clip-canvas` is set, **only line-based elements** are clipped to the
   │                                                      ^^
   │
   = hint: using multiple consecutive stars (e.g. **) has no additional effect

watching manual.typ
writing to manual.pdf

[11:12:22] compiling ...

watching manual.typ
writing to manual.pdf

[11:12:22] compiled with warnings in 285.42 ms

warning: no text within stars
   ┌─ sections/11-clipping.typ:58:27
   │
58 │ When `clip-canvas` is set, **only line-based elements** are clipped to the
   │                            ^^
   │
   = hint: using multiple consecutive stars (e.g. **) has no additional effect

warning: no text within stars
   ┌─ sections/11-clipping.typ:58:53
   │
58 │ When `clip-canvas` is set, **only line-based elements** are clipped to the
   │                                                      ^^
   │
   = hint: using multiple consecutive stars (e.g. **) has no additional effect

watching manual.typ
writing to manual.pdf

[11:12:40] compiling ...

watching manual.typ
writing to manual.pdf

[11:12:40] compiled with warnings in 153.64 ms

warning: no text within stars
   ┌─ sections/11-clipping.typ:58:27
   │
58 │ When `clip-canvas` is set, **only line-based elements** are clipped to the
   │                            ^^
   │
   = hint: using multiple consecutive stars (e.g. **) has no additional effect

warning: no text within stars
   ┌─ sections/11-clipping.typ:58:53
   │
58 │ When `clip-canvas` is set, **only line-based elements** are clipped to the
   │                                                      ^^
   │
   = hint: using multiple consecutive stars (e.g. **) has no additional effect

watching manual.typ
writing to manual.pdf

[11:14:27] compiling ...

downloading @preview/ctz-euclide:0.1.5
watching manual.typ
writing to manual.pdf

[11:14:29] compiled with errors

error: package found, but version 0.1.5 does not exist (latest is 0.1.0)
  ┌─ manual.typ:1:8
  │
1 │ #import "@preview/ctz-euclide:0.1.5": *
  │         ^^^^^^^^^^^^^^^^^^^^^^^^^^^^

downloading @preview/ctz-euclide:0.1.5
watching manual.typ
writing to manual.pdf

[11:15:12] compiling ...

downloading @preview/ctz-euclide:0.1.5
watching manual.typ
writing to manual.pdf

[11:15:12] compiled with errors

error: package found, but version 0.1.5 does not exist (latest is 0.1.0)
  ┌─ manual.typ:1:8
  │
1 │ #import "@preview/ctz-euclide:0.1.5": *
  │         ^^^^^^^^^^^^^^^^^^^^^^^^^^^^

downloading @preview/ctz-euclide:0.1.5
